{"contracts/interface/IPaymentProcessor.sol":{"l":{},"path":"/Users/sujithsomraaj/Desktop/Desktop/research/variable-v1-core/contracts/interface/IPaymentProcessor.sol","s":{},"b":{},"f":{},"fnMap":{},"statementMap":{},"branchMap":{}},"contracts/PaymentProcessor.sol":{"l":{"25":0,"29":0,"33":0,"37":0,"49":0,"53":0,"55":0,"56":0,"57":0,"59":0,"70":0,"74":0,"76":0,"77":0,"78":0,"80":0,"91":0,"95":0,"97":0,"98":0,"99":0,"101":0,"112":0,"116":0,"118":0,"119":0,"120":0,"122":0,"134":0,"135":0,"143":0,"144":0,"146":0,"162":0,"163":0,"164":0,"165":0,"169":0,"170":0,"182":0,"183":0,"184":0,"185":0,"187":0,"197":0,"198":0,"200":0,"204":0,"205":0,"206":0,"217":0,"218":0,"226":0,"227":0,"229":0,"230":0,"232":0,"233":0,"235":0,"236":0,"244":0,"252":0,"253":0,"254":0},"path":"/Users/sujithsomraaj/Desktop/Desktop/research/variable-v1-core/contracts/PaymentProcessor.sol","s":{"1":0,"2":0,"3":0,"4":0,"5":0,"6":0,"7":0,"8":0,"9":0,"10":0,"11":0,"12":0,"13":0,"14":0,"15":0,"16":0,"17":0,"18":0,"19":0,"20":0,"21":0,"22":0,"23":0,"24":0,"25":0,"26":0,"27":0,"28":0,"29":0,"30":0,"31":0,"32":0,"33":0,"34":0,"35":0,"36":0,"37":0,"38":0,"39":0,"40":0,"41":0,"42":0,"43":0,"44":0,"45":0,"46":0,"47":0,"48":0,"49":0,"50":0,"51":0,"52":0,"53":0,"54":0,"55":0,"56":0,"57":0,"58":0,"59":0,"60":0,"61":0,"62":0},"b":{"1":[0,0],"2":[0,0],"3":[0,0],"4":[0,0],"5":[0,0],"6":[0,0],"7":[0,0],"8":[0,0],"9":[0,0],"10":[0,0],"11":[0,0],"12":[0,0],"13":[0,0],"14":[0,0],"15":[0,0]},"f":{"1":0,"2":0,"3":0,"4":0,"5":0,"6":0,"7":0,"8":0,"9":0,"10":0,"11":0,"12":0,"13":0,"14":0,"15":0,"16":0},"fnMap":{"1":{"name":"Available","line":24,"loc":{"start":{"line":24,"column":4},"end":{"line":30,"column":4}}},"2":{"name":"Stablecoin","line":32,"loc":{"start":{"line":32,"column":4},"end":{"line":38,"column":4}}},"3":{"name":"constructor","line":40,"loc":{"start":{"line":40,"column":4},"end":{"line":40,"column":29}}},"4":{"name":"setOracle","line":46,"loc":{"start":{"line":42,"column":4},"end":{"line":61,"column":4}}},"5":{"name":"setContract","line":67,"loc":{"start":{"line":63,"column":4},"end":{"line":82,"column":4}}},"6":{"name":"replaceOracle","line":88,"loc":{"start":{"line":84,"column":4},"end":{"line":103,"column":4}}},"7":{"name":"replaceContract","line":109,"loc":{"start":{"line":105,"column":4},"end":{"line":124,"column":4}}},"8":{"name":"markAsStablecoin","line":131,"loc":{"start":{"line":126,"column":4},"end":{"line":136,"column":4}}},"9":{"name":"payment","line":138,"loc":{"start":{"line":138,"column":4},"end":{"line":148,"column":4}}},"10":{"name":"sPayment","line":159,"loc":{"start":{"line":150,"column":4},"end":{"line":174,"column":4}}},"11":{"name":"sAmount","line":176,"loc":{"start":{"line":176,"column":4},"end":{"line":189,"column":4}}},"12":{"name":"tPayment","line":196,"loc":{"start":{"line":191,"column":4},"end":{"line":210,"column":4}}},"13":{"name":"fetchApproval","line":212,"loc":{"start":{"line":212,"column":4},"end":{"line":219,"column":4}}},"14":{"name":"tAmount","line":221,"loc":{"start":{"line":221,"column":4},"end":{"line":237,"column":4}}},"15":{"name":"fetchContract","line":239,"loc":{"start":{"line":239,"column":4},"end":{"line":245,"column":4}}},"16":{"name":"fetchOraclePrice","line":247,"loc":{"start":{"line":247,"column":4},"end":{"line":255,"column":4}}}},"statementMap":{"1":{"start":{"line":25,"column":8},"end":{"line":25,"column":831}},"2":{"start":{"line":33,"column":8},"end":{"line":33,"column":1026}},"3":{"start":{"line":49,"column":8},"end":{"line":49,"column":1358}},"4":{"start":{"line":53,"column":8},"end":{"line":53,"column":44}},"5":{"start":{"line":55,"column":8},"end":{"line":55,"column":1532}},"6":{"start":{"line":56,"column":12},"end":{"line":56,"column":49}},"7":{"start":{"line":57,"column":12},"end":{"line":57,"column":23}},"8":{"start":{"line":59,"column":12},"end":{"line":59,"column":60}},"9":{"start":{"line":70,"column":8},"end":{"line":70,"column":1926}},"10":{"start":{"line":74,"column":8},"end":{"line":74,"column":44}},"11":{"start":{"line":76,"column":8},"end":{"line":76,"column":2104}},"12":{"start":{"line":77,"column":12},"end":{"line":77,"column":53}},"13":{"start":{"line":78,"column":12},"end":{"line":78,"column":23}},"14":{"start":{"line":80,"column":12},"end":{"line":80,"column":61}},"15":{"start":{"line":91,"column":8},"end":{"line":91,"column":2501}},"16":{"start":{"line":95,"column":8},"end":{"line":95,"column":44}},"17":{"start":{"line":97,"column":8},"end":{"line":97,"column":2671}},"18":{"start":{"line":98,"column":12},"end":{"line":98,"column":45}},"19":{"start":{"line":99,"column":12},"end":{"line":99,"column":23}},"20":{"start":{"line":101,"column":12},"end":{"line":101,"column":54}},"21":{"start":{"line":112,"column":8},"end":{"line":112,"column":3054}},"22":{"start":{"line":116,"column":8},"end":{"line":116,"column":44}},"23":{"start":{"line":118,"column":8},"end":{"line":118,"column":3227}},"24":{"start":{"line":119,"column":12},"end":{"line":119,"column":48}},"25":{"start":{"line":120,"column":12},"end":{"line":120,"column":23}},"26":{"start":{"line":122,"column":12},"end":{"line":122,"column":61}},"27":{"start":{"line":134,"column":8},"end":{"line":134,"column":39}},"28":{"start":{"line":135,"column":8},"end":{"line":135,"column":19}},"29":{"start":{"line":143,"column":8},"end":{"line":143,"column":3850}},"30":{"start":{"line":144,"column":12},"end":{"line":144,"column":65}},"31":{"start":{"line":146,"column":12},"end":{"line":146,"column":65}},"32":{"start":{"line":162,"column":8},"end":{"line":162,"column":47}},"33":{"start":{"line":163,"column":8},"end":{"line":163,"column":38}},"34":{"start":{"line":164,"column":8},"end":{"line":164,"column":62}},"35":{"start":{"line":165,"column":8},"end":{"line":165,"column":4484}},"36":{"start":{"line":169,"column":8},"end":{"line":169,"column":65}},"37":{"start":{"line":170,"column":8},"end":{"line":170,"column":4695}},"38":{"start":{"line":182,"column":8},"end":{"line":182,"column":62}},"39":{"start":{"line":183,"column":8},"end":{"line":183,"column":66}},"40":{"start":{"line":184,"column":8},"end":{"line":184,"column":5089}},"41":{"start":{"line":185,"column":12},"end":{"line":185,"column":44}},"42":{"start":{"line":187,"column":12},"end":{"line":187,"column":44}},"43":{"start":{"line":197,"column":8},"end":{"line":197,"column":47}},"44":{"start":{"line":198,"column":8},"end":{"line":198,"column":35}},"45":{"start":{"line":200,"column":8},"end":{"line":200,"column":5530}},"46":{"start":{"line":204,"column":8},"end":{"line":204,"column":62}},"47":{"start":{"line":205,"column":8},"end":{"line":205,"column":62}},"48":{"start":{"line":206,"column":8},"end":{"line":206,"column":5786}},"49":{"start":{"line":217,"column":8},"end":{"line":217,"column":62}},"50":{"start":{"line":218,"column":8},"end":{"line":218,"column":69}},"51":{"start":{"line":226,"column":8},"end":{"line":226,"column":37}},"52":{"start":{"line":227,"column":8},"end":{"line":227,"column":49}},"53":{"start":{"line":229,"column":8},"end":{"line":229,"column":62}},"54":{"start":{"line":230,"column":8},"end":{"line":230,"column":65}},"55":{"start":{"line":232,"column":8},"end":{"line":232,"column":75}},"56":{"start":{"line":233,"column":8},"end":{"line":233,"column":48}},"57":{"start":{"line":235,"column":8},"end":{"line":235,"column":44}},"58":{"start":{"line":236,"column":8},"end":{"line":236,"column":51}},"59":{"start":{"line":244,"column":8},"end":{"line":244,"column":46}},"60":{"start":{"line":252,"column":8},"end":{"line":252,"column":54}},"61":{"start":{"line":253,"column":8},"end":{"line":253,"column":72}},"62":{"start":{"line":254,"column":8},"end":{"line":254,"column":29}}},"branchMap":{"1":{"line":25,"type":"if","locations":[{"start":{"line":25,"column":8},"end":{"line":25,"column":8}},{"start":{"line":25,"column":8},"end":{"line":25,"column":8}}]},"2":{"line":33,"type":"if","locations":[{"start":{"line":33,"column":8},"end":{"line":33,"column":8}},{"start":{"line":33,"column":8},"end":{"line":33,"column":8}}]},"3":{"line":49,"type":"if","locations":[{"start":{"line":49,"column":8},"end":{"line":49,"column":8}},{"start":{"line":49,"column":8},"end":{"line":49,"column":8}}]},"4":{"line":55,"type":"if","locations":[{"start":{"line":55,"column":8},"end":{"line":55,"column":8}},{"start":{"line":55,"column":8},"end":{"line":55,"column":8}}]},"5":{"line":70,"type":"if","locations":[{"start":{"line":70,"column":8},"end":{"line":70,"column":8}},{"start":{"line":70,"column":8},"end":{"line":70,"column":8}}]},"6":{"line":76,"type":"if","locations":[{"start":{"line":76,"column":8},"end":{"line":76,"column":8}},{"start":{"line":76,"column":8},"end":{"line":76,"column":8}}]},"7":{"line":91,"type":"if","locations":[{"start":{"line":91,"column":8},"end":{"line":91,"column":8}},{"start":{"line":91,"column":8},"end":{"line":91,"column":8}}]},"8":{"line":97,"type":"if","locations":[{"start":{"line":97,"column":8},"end":{"line":97,"column":8}},{"start":{"line":97,"column":8},"end":{"line":97,"column":8}}]},"9":{"line":112,"type":"if","locations":[{"start":{"line":112,"column":8},"end":{"line":112,"column":8}},{"start":{"line":112,"column":8},"end":{"line":112,"column":8}}]},"10":{"line":118,"type":"if","locations":[{"start":{"line":118,"column":8},"end":{"line":118,"column":8}},{"start":{"line":118,"column":8},"end":{"line":118,"column":8}}]},"11":{"line":143,"type":"if","locations":[{"start":{"line":143,"column":8},"end":{"line":143,"column":8}},{"start":{"line":143,"column":8},"end":{"line":143,"column":8}}]},"12":{"line":165,"type":"if","locations":[{"start":{"line":165,"column":8},"end":{"line":165,"column":8}},{"start":{"line":165,"column":8},"end":{"line":165,"column":8}}]},"13":{"line":184,"type":"if","locations":[{"start":{"line":184,"column":8},"end":{"line":184,"column":8}},{"start":{"line":184,"column":8},"end":{"line":184,"column":8}}]},"14":{"line":200,"type":"if","locations":[{"start":{"line":200,"column":8},"end":{"line":200,"column":8}},{"start":{"line":200,"column":8},"end":{"line":200,"column":8}}]},"15":{"line":232,"type":"if","locations":[{"start":{"line":232,"column":8},"end":{"line":232,"column":8}},{"start":{"line":232,"column":8},"end":{"line":232,"column":8}}]}}}}