{
"contracts/Example/TestProcessor.sol":{"l":{"13":2},"path":"/Users/sujithsomraaj/Desktop/Desktop/research/variable-v1-core/contracts/Example/TestProcessor.sol","s":{"1":2},"b":{},"f":{"1":3,"2":2},"fnMap":{"1":{"name":"constructor","line":8,"loc":{"start":{"line":8,"column":4},"end":{"line":8,"column":38}}},"2":{"name":"mockSale","line":10,"loc":{"start":{"line":10,"column":4},"end":{"line":14,"column":4}}}},"statementMap":{"1":{"start":{"line":13,"column":8},"end":{"line":13,"column":33}}},"branchMap":{}},
"contracts/interface/IPaymentProcessor.sol":{"l":{},"path":"/Users/sujithsomraaj/Desktop/Desktop/research/variable-v1-core/contracts/interface/IPaymentProcessor.sol","s":{},"b":{},"f":{},"fnMap":{},"statementMap":{},"branchMap":{}},
"contracts/PaymentProcessor.sol":{"l":{"29":3,"33":3,"37":1,"41":1,"53":2,"57":2,"59":2,"60":1,"61":1,"63":1,"74":3,"78":3,"80":3,"81":2,"82":2,"84":1,"95":2,"99":2,"101":2,"102":1,"103":1,"105":1,"116":2,"120":2,"122":2,"123":1,"124":1,"126":1,"138":1,"139":1,"147":2,"148":1,"150":1,"166":1,"167":1,"168":1,"169":1,"173":1,"174":1,"186":2,"187":2,"188":2,"189":2,"191":0,"201":1,"202":1,"204":1,"208":1,"209":1,"210":1,"221":3,"222":3,"230":1,"231":1,"233":1,"234":1,"236":1,"237":1,"239":1,"240":1,"248":2,"252":2,"260":2,"261":2,"262":2},"path":"/Users/sujithsomraaj/Desktop/Desktop/research/variable-v1-core/contracts/PaymentProcessor.sol","s":{"1":3,"2":1,"3":2,"4":2,"5":2,"6":1,"7":1,"8":1,"9":3,"10":3,"11":3,"12":2,"13":2,"14":1,"15":2,"16":2,"17":2,"18":1,"19":1,"20":1,"21":2,"22":2,"23":2,"24":1,"25":1,"26":1,"27":1,"28":1,"29":2,"30":1,"31":1,"32":1,"33":1,"34":1,"35":1,"36":1,"37":1,"38":2,"39":2,"40":2,"41":2,"42":0,"43":1,"44":1,"45":1,"46":1,"47":1,"48":1,"49":3,"50":3,"51":1,"52":1,"53":1,"54":1,"55":1,"56":1,"57":1,"58":1,"59":2,"60":2,"61":2,"62":2,"63":2},"b":{"1":[3,0],"2":[1,0],"3":[2,0],"4":[1,1],"5":[3,0],"6":[2,1],"7":[2,0],"8":[1,1],"9":[2,0],"10":[1,1],"11":[1,1],"12":[1,0],"13":[2,0],"14":[1,0],"15":[1,0]},"f":{"1":3,"2":1,"3":3,"4":2,"5":3,"6":2,"7":2,"8":1,"9":2,"10":1,"11":2,"12":1,"13":3,"14":1,"15":2,"16":2,"17":2},"fnMap":{"1":{"name":"Available","line":28,"loc":{"start":{"line":28,"column":4},"end":{"line":34,"column":4}}},"2":{"name":"Stablecoin","line":36,"loc":{"start":{"line":36,"column":4},"end":{"line":42,"column":4}}},"3":{"name":"constructor","line":44,"loc":{"start":{"line":44,"column":4},"end":{"line":44,"column":29}}},"4":{"name":"setOracle","line":50,"loc":{"start":{"line":46,"column":4},"end":{"line":65,"column":4}}},"5":{"name":"setContract","line":71,"loc":{"start":{"line":67,"column":4},"end":{"line":86,"column":4}}},"6":{"name":"replaceOracle","line":92,"loc":{"start":{"line":88,"column":4},"end":{"line":107,"column":4}}},"7":{"name":"replaceContract","line":113,"loc":{"start":{"line":109,"column":4},"end":{"line":128,"column":4}}},"8":{"name":"markAsStablecoin","line":135,"loc":{"start":{"line":130,"column":4},"end":{"line":140,"column":4}}},"9":{"name":"payment","line":142,"loc":{"start":{"line":142,"column":4},"end":{"line":152,"column":4}}},"10":{"name":"sPayment","line":163,"loc":{"start":{"line":154,"column":4},"end":{"line":178,"column":4}}},"11":{"name":"sAmount","line":180,"loc":{"start":{"line":180,"column":4},"end":{"line":193,"column":4}}},"12":{"name":"tPayment","line":200,"loc":{"start":{"line":195,"column":4},"end":{"line":214,"column":4}}},"13":{"name":"fetchApproval","line":216,"loc":{"start":{"line":216,"column":4},"end":{"line":223,"column":4}}},"14":{"name":"tAmount","line":225,"loc":{"start":{"line":225,"column":4},"end":{"line":241,"column":4}}},"15":{"name":"fetchContract","line":243,"loc":{"start":{"line":243,"column":4},"end":{"line":249,"column":4}}},"16":{"name":"fetchOracle","line":251,"loc":{"start":{"line":251,"column":4},"end":{"line":253,"column":4}}},"17":{"name":"fetchOraclePrice","line":255,"loc":{"start":{"line":255,"column":4},"end":{"line":263,"column":4}}}},"statementMap":{"1":{"start":{"line":29,"column":8},"end":{"line":29,"column":881}},"2":{"start":{"line":37,"column":8},"end":{"line":37,"column":1076}},"3":{"start":{"line":53,"column":8},"end":{"line":53,"column":1408}},"4":{"start":{"line":57,"column":8},"end":{"line":57,"column":44}},"5":{"start":{"line":59,"column":8},"end":{"line":59,"column":1582}},"6":{"start":{"line":60,"column":12},"end":{"line":60,"column":49}},"7":{"start":{"line":61,"column":12},"end":{"line":61,"column":23}},"8":{"start":{"line":63,"column":12},"end":{"line":63,"column":60}},"9":{"start":{"line":74,"column":8},"end":{"line":74,"column":1976}},"10":{"start":{"line":78,"column":8},"end":{"line":78,"column":44}},"11":{"start":{"line":80,"column":8},"end":{"line":80,"column":2154}},"12":{"start":{"line":81,"column":12},"end":{"line":81,"column":53}},"13":{"start":{"line":82,"column":12},"end":{"line":82,"column":23}},"14":{"start":{"line":84,"column":12},"end":{"line":84,"column":61}},"15":{"start":{"line":95,"column":8},"end":{"line":95,"column":2551}},"16":{"start":{"line":99,"column":8},"end":{"line":99,"column":44}},"17":{"start":{"line":101,"column":8},"end":{"line":101,"column":2721}},"18":{"start":{"line":102,"column":12},"end":{"line":102,"column":45}},"19":{"start":{"line":103,"column":12},"end":{"line":103,"column":23}},"20":{"start":{"line":105,"column":12},"end":{"line":105,"column":54}},"21":{"start":{"line":116,"column":8},"end":{"line":116,"column":3104}},"22":{"start":{"line":120,"column":8},"end":{"line":120,"column":44}},"23":{"start":{"line":122,"column":8},"end":{"line":122,"column":3277}},"24":{"start":{"line":123,"column":12},"end":{"line":123,"column":48}},"25":{"start":{"line":124,"column":12},"end":{"line":124,"column":23}},"26":{"start":{"line":126,"column":12},"end":{"line":126,"column":61}},"27":{"start":{"line":138,"column":8},"end":{"line":138,"column":39}},"28":{"start":{"line":139,"column":8},"end":{"line":139,"column":19}},"29":{"start":{"line":147,"column":8},"end":{"line":147,"column":3902}},"30":{"start":{"line":148,"column":12},"end":{"line":148,"column":65}},"31":{"start":{"line":150,"column":12},"end":{"line":150,"column":65}},"32":{"start":{"line":166,"column":8},"end":{"line":166,"column":47}},"33":{"start":{"line":167,"column":8},"end":{"line":167,"column":38}},"34":{"start":{"line":168,"column":8},"end":{"line":168,"column":62}},"35":{"start":{"line":169,"column":8},"end":{"line":169,"column":4536}},"36":{"start":{"line":173,"column":8},"end":{"line":173,"column":65}},"37":{"start":{"line":174,"column":8},"end":{"line":174,"column":4747}},"38":{"start":{"line":186,"column":8},"end":{"line":186,"column":62}},"39":{"start":{"line":187,"column":8},"end":{"line":187,"column":66}},"40":{"start":{"line":188,"column":8},"end":{"line":188,"column":5141}},"41":{"start":{"line":189,"column":12},"end":{"line":189,"column":44}},"42":{"start":{"line":191,"column":12},"end":{"line":191,"column":44}},"43":{"start":{"line":201,"column":8},"end":{"line":201,"column":47}},"44":{"start":{"line":202,"column":8},"end":{"line":202,"column":35}},"45":{"start":{"line":204,"column":8},"end":{"line":204,"column":5582}},"46":{"start":{"line":208,"column":8},"end":{"line":208,"column":62}},"47":{"start":{"line":209,"column":8},"end":{"line":209,"column":62}},"48":{"start":{"line":210,"column":8},"end":{"line":210,"column":5838}},"49":{"start":{"line":221,"column":8},"end":{"line":221,"column":62}},"50":{"start":{"line":222,"column":8},"end":{"line":222,"column":69}},"51":{"start":{"line":230,"column":8},"end":{"line":230,"column":37}},"52":{"start":{"line":231,"column":8},"end":{"line":231,"column":49}},"53":{"start":{"line":233,"column":8},"end":{"line":233,"column":62}},"54":{"start":{"line":234,"column":8},"end":{"line":234,"column":65}},"55":{"start":{"line":236,"column":8},"end":{"line":236,"column":75}},"56":{"start":{"line":237,"column":8},"end":{"line":237,"column":48}},"57":{"start":{"line":239,"column":8},"end":{"line":239,"column":44}},"58":{"start":{"line":240,"column":8},"end":{"line":240,"column":51}},"59":{"start":{"line":248,"column":8},"end":{"line":248,"column":46}},"60":{"start":{"line":252,"column":8},"end":{"line":252,"column":44}},"61":{"start":{"line":260,"column":8},"end":{"line":260,"column":54}},"62":{"start":{"line":261,"column":8},"end":{"line":261,"column":72}},"63":{"start":{"line":262,"column":8},"end":{"line":262,"column":29}}},"branchMap":{"1":{"line":29,"type":"if","locations":[{"start":{"line":29,"column":8},"end":{"line":29,"column":8}},{"start":{"line":29,"column":8},"end":{"line":29,"column":8}}]},"2":{"line":37,"type":"if","locations":[{"start":{"line":37,"column":8},"end":{"line":37,"column":8}},{"start":{"line":37,"column":8},"end":{"line":37,"column":8}}]},"3":{"line":53,"type":"if","locations":[{"start":{"line":53,"column":8},"end":{"line":53,"column":8}},{"start":{"line":53,"column":8},"end":{"line":53,"column":8}}]},"4":{"line":59,"type":"if","locations":[{"start":{"line":59,"column":8},"end":{"line":59,"column":8}},{"start":{"line":59,"column":8},"end":{"line":59,"column":8}}]},"5":{"line":74,"type":"if","locations":[{"start":{"line":74,"column":8},"end":{"line":74,"column":8}},{"start":{"line":74,"column":8},"end":{"line":74,"column":8}}]},"6":{"line":80,"type":"if","locations":[{"start":{"line":80,"column":8},"end":{"line":80,"column":8}},{"start":{"line":80,"column":8},"end":{"line":80,"column":8}}]},"7":{"line":95,"type":"if","locations":[{"start":{"line":95,"column":8},"end":{"line":95,"column":8}},{"start":{"line":95,"column":8},"end":{"line":95,"column":8}}]},"8":{"line":101,"type":"if","locations":[{"start":{"line":101,"column":8},"end":{"line":101,"column":8}},{"start":{"line":101,"column":8},"end":{"line":101,"column":8}}]},"9":{"line":116,"type":"if","locations":[{"start":{"line":116,"column":8},"end":{"line":116,"column":8}},{"start":{"line":116,"column":8},"end":{"line":116,"column":8}}]},"10":{"line":122,"type":"if","locations":[{"start":{"line":122,"column":8},"end":{"line":122,"column":8}},{"start":{"line":122,"column":8},"end":{"line":122,"column":8}}]},"11":{"line":147,"type":"if","locations":[{"start":{"line":147,"column":8},"end":{"line":147,"column":8}},{"start":{"line":147,"column":8},"end":{"line":147,"column":8}}]},"12":{"line":169,"type":"if","locations":[{"start":{"line":169,"column":8},"end":{"line":169,"column":8}},{"start":{"line":169,"column":8},"end":{"line":169,"column":8}}]},"13":{"line":188,"type":"if","locations":[{"start":{"line":188,"column":8},"end":{"line":188,"column":8}},{"start":{"line":188,"column":8},"end":{"line":188,"column":8}}]},"14":{"line":204,"type":"if","locations":[{"start":{"line":204,"column":8},"end":{"line":204,"column":8}},{"start":{"line":204,"column":8},"end":{"line":204,"column":8}}]},"15":{"line":236,"type":"if","locations":[{"start":{"line":236,"column":8},"end":{"line":236,"column":8}},{"start":{"line":236,"column":8},"end":{"line":236,"column":8}}]}}}}
