TN:
SF:/Users/sujithsomraaj/Desktop/Desktop/research/variable-v1-core/contracts/Example/TestProcessor.sol
FN:8,constructor
FN:10,mockSale
FNF:2
FNH:2
FNDA:3,constructor
FNDA:2,mockSale
DA:13,2
LF:1
LH:1
BRF:0
BRH:0
end_of_record
TN:
SF:/Users/sujithsomraaj/Desktop/Desktop/research/variable-v1-core/contracts/interface/IPaymentProcessor.sol
FNF:0
FNH:0
LF:0
LH:0
BRF:0
BRH:0
end_of_record
TN:
SF:/Users/sujithsomraaj/Desktop/Desktop/research/variable-v1-core/contracts/PaymentProcessor.sol
FN:28,Available
FN:36,Stablecoin
FN:44,constructor
FN:50,setOracle
FN:71,setContract
FN:92,replaceOracle
FN:113,replaceContract
FN:135,markAsStablecoin
FN:142,payment
FN:163,sPayment
FN:180,sAmount
FN:200,tPayment
FN:216,fetchApproval
FN:225,tAmount
FN:243,fetchContract
FN:251,fetchOracle
FN:255,fetchOraclePrice
FNF:17
FNH:17
FNDA:3,Available
FNDA:1,Stablecoin
FNDA:3,constructor
FNDA:2,setOracle
FNDA:3,setContract
FNDA:2,replaceOracle
FNDA:2,replaceContract
FNDA:1,markAsStablecoin
FNDA:2,payment
FNDA:1,sPayment
FNDA:2,sAmount
FNDA:1,tPayment
FNDA:3,fetchApproval
FNDA:1,tAmount
FNDA:2,fetchContract
FNDA:2,fetchOracle
FNDA:2,fetchOraclePrice
DA:29,3
DA:33,3
DA:37,1
DA:41,1
DA:53,2
DA:57,2
DA:59,2
DA:60,1
DA:61,1
DA:63,1
DA:74,3
DA:78,3
DA:80,3
DA:81,2
DA:82,2
DA:84,1
DA:95,2
DA:99,2
DA:101,2
DA:102,1
DA:103,1
DA:105,1
DA:116,2
DA:120,2
DA:122,2
DA:123,1
DA:124,1
DA:126,1
DA:138,1
DA:139,1
DA:147,2
DA:148,1
DA:150,1
DA:166,1
DA:167,1
DA:168,1
DA:169,1
DA:173,1
DA:174,1
DA:186,2
DA:187,2
DA:188,2
DA:189,2
DA:191,0
DA:201,1
DA:202,1
DA:204,1
DA:208,1
DA:209,1
DA:210,1
DA:221,3
DA:222,3
DA:230,1
DA:231,1
DA:233,1
DA:234,1
DA:236,1
DA:237,1
DA:239,1
DA:240,1
DA:248,2
DA:252,2
DA:260,2
DA:261,2
DA:262,2
LF:65
LH:64
BRDA:29,1,0,3
BRDA:29,1,1,0
BRDA:37,2,0,1
BRDA:37,2,1,0
BRDA:53,3,0,2
BRDA:53,3,1,0
BRDA:59,4,0,1
BRDA:59,4,1,1
BRDA:74,5,0,3
BRDA:74,5,1,0
BRDA:80,6,0,2
BRDA:80,6,1,1
BRDA:95,7,0,2
BRDA:95,7,1,0
BRDA:101,8,0,1
BRDA:101,8,1,1
BRDA:116,9,0,2
BRDA:116,9,1,0
BRDA:122,10,0,1
BRDA:122,10,1,1
BRDA:147,11,0,1
BRDA:147,11,1,1
BRDA:169,12,0,1
BRDA:169,12,1,0
BRDA:188,13,0,2
BRDA:188,13,1,0
BRDA:204,14,0,1
BRDA:204,14,1,0
BRDA:236,15,0,1
BRDA:236,15,1,0
BRF:30
BRH:20
end_of_record
