TN:
SF:/Users/sujithsomraaj/Desktop/Desktop/research/variable-v1-core/contracts/interface/IPaymentProcessor.sol
FNF:0
FNH:0
LF:0
LH:0
BRF:0
BRH:0
end_of_record
TN:
SF:/Users/sujithsomraaj/Desktop/Desktop/research/variable-v1-core/contracts/PaymentProcessor.sol
FN:24,Available
FN:32,Stablecoin
FN:40,constructor
FN:46,setOracle
FN:67,setContract
FN:88,replaceOracle
FN:109,replaceContract
FN:131,markAsStablecoin
FN:138,payment
FN:159,sPayment
FN:176,sAmount
FN:196,tPayment
FN:212,fetchApproval
FN:221,tAmount
FN:239,fetchContract
FN:247,fetchOraclePrice
FNF:16
FNH:0
FNDA:0,Available
FNDA:0,Stablecoin
FNDA:0,constructor
FNDA:0,setOracle
FNDA:0,setContract
FNDA:0,replaceOracle
FNDA:0,replaceContract
FNDA:0,markAsStablecoin
FNDA:0,payment
FNDA:0,sPayment
FNDA:0,sAmount
FNDA:0,tPayment
FNDA:0,fetchApproval
FNDA:0,tAmount
FNDA:0,fetchContract
FNDA:0,fetchOraclePrice
DA:25,0
DA:29,0
DA:33,0
DA:37,0
DA:49,0
DA:53,0
DA:55,0
DA:56,0
DA:57,0
DA:59,0
DA:70,0
DA:74,0
DA:76,0
DA:77,0
DA:78,0
DA:80,0
DA:91,0
DA:95,0
DA:97,0
DA:98,0
DA:99,0
DA:101,0
DA:112,0
DA:116,0
DA:118,0
DA:119,0
DA:120,0
DA:122,0
DA:134,0
DA:135,0
DA:143,0
DA:144,0
DA:146,0
DA:162,0
DA:163,0
DA:164,0
DA:165,0
DA:169,0
DA:170,0
DA:182,0
DA:183,0
DA:184,0
DA:185,0
DA:187,0
DA:197,0
DA:198,0
DA:200,0
DA:204,0
DA:205,0
DA:206,0
DA:217,0
DA:218,0
DA:226,0
DA:227,0
DA:229,0
DA:230,0
DA:232,0
DA:233,0
DA:235,0
DA:236,0
DA:244,0
DA:252,0
DA:253,0
DA:254,0
LF:64
LH:0
BRDA:25,1,0,0
BRDA:25,1,1,0
BRDA:33,2,0,0
BRDA:33,2,1,0
BRDA:49,3,0,0
BRDA:49,3,1,0
BRDA:55,4,0,0
BRDA:55,4,1,0
BRDA:70,5,0,0
BRDA:70,5,1,0
BRDA:76,6,0,0
BRDA:76,6,1,0
BRDA:91,7,0,0
BRDA:91,7,1,0
BRDA:97,8,0,0
BRDA:97,8,1,0
BRDA:112,9,0,0
BRDA:112,9,1,0
BRDA:118,10,0,0
BRDA:118,10,1,0
BRDA:143,11,0,0
BRDA:143,11,1,0
BRDA:165,12,0,0
BRDA:165,12,1,0
BRDA:184,13,0,0
BRDA:184,13,1,0
BRDA:200,14,0,0
BRDA:200,14,1,0
BRDA:232,15,0,0
BRDA:232,15,1,0
BRF:30
BRH:0
end_of_record
